current directory: /home/dagans/projects/phwelo.github.io/ruby/2.6.0/gems/RedCloth-4.2.9/ext/redcloth_scan
/usr/bin/ruby -I /usr/lib/ruby/2.6.0 -r ./siteconf20191212-22168-1j277ib.rb extconf.rb
checking for main() in -lc... yes
creating Makefile

current directory: /home/dagans/projects/phwelo.github.io/ruby/2.6.0/gems/RedCloth-4.2.9/ext/redcloth_scan
make "DESTDIR=" clean

current directory: /home/dagans/projects/phwelo.github.io/ruby/2.6.0/gems/RedCloth-4.2.9/ext/redcloth_scan
make "DESTDIR="
compiling redcloth_attributes.c
In file included from /usr/include/bits/libc-header-start.h:33,
                 from /usr/include/stdio.h:27,
                 from /usr/include/ruby-2.6.0/ruby/defines.h:123,
                 from /usr/include/ruby-2.6.0/ruby/ruby.h:29,
                 from /usr/include/ruby-2.6.0/ruby.h:33,
                 from ragel/redcloth_attributes.c.rl:7:
/usr/include/features.h:382:4: warning: #warning _FORTIFY_SOURCE requires compiling with optimization (-O) [-Wcpp]
  382 | #  warning _FORTIFY_SOURCE requires compiling with optimization (-O)
      |    ^~~~~~~
ragel/redcloth_attributes.c.rl: In function ‘redcloth_attribute_parser’:
ragel/redcloth_attributes.c.rl:27:11: warning: variable ‘act’ set but not used [-Wunused-but-set-variable]
compiling redcloth_inline.c
In file included from /usr/include/bits/libc-header-start.h:33,
                 from /usr/include/stdio.h:27,
                 from /usr/include/ruby-2.6.0/ruby/defines.h:123,
                 from /usr/include/ruby-2.6.0/ruby/ruby.h:29,
                 from /usr/include/ruby-2.6.0/ruby.h:33,
                 from ragel/redcloth_inline.c.rl:7:
/usr/include/features.h:382:4: warning: #warning _FORTIFY_SOURCE requires compiling with optimization (-O) [-Wcpp]
  382 | #  warning _FORTIFY_SOURCE requires compiling with optimization (-O)
      |    ^~~~~~~
ragel/redcloth_inline.c.rl: In function ‘red_block’:
ragel/redcloth_inline.c.rl:100:9: warning: variable ‘attr_regs’ set but not used [-Wunused-but-set-variable]
compiling redcloth_scan.c
In file included from /usr/include/bits/libc-header-start.h:33,
                 from /usr/include/stdio.h:27,
                 from /usr/include/ruby-2.6.0/ruby/defines.h:123,
                 from /usr/include/ruby-2.6.0/ruby/ruby.h:29,
                 from /usr/include/ruby-2.6.0/ruby.h:33,
                 from ragel/redcloth_scan.c.rl:9:
/usr/include/features.h:382:4: warning: #warning _FORTIFY_SOURCE requires compiling with optimization (-O) [-Wcpp]
  382 | #  warning _FORTIFY_SOURCE requires compiling with optimization (-O)
      |    ^~~~~~~
linking shared-object redcloth_scan.so

current directory: /home/dagans/projects/phwelo.github.io/ruby/2.6.0/gems/RedCloth-4.2.9/ext/redcloth_scan
make "DESTDIR=" install
/usr/bin/install -c -m 0755 redcloth_scan.so ./.gem.20191212-22168-19kl35a
