current directory: /home/dagans/projects/phwelo.github.io/ruby/2.6.0/gems/posix-spawn-0.3.10/ext
/usr/bin/ruby -I /usr/lib/ruby/2.6.0 -r ./siteconf20191212-22168-188fkd1.rb extconf.rb
creating Makefile

current directory: /home/dagans/projects/phwelo.github.io/ruby/2.6.0/gems/posix-spawn-0.3.10/ext
make "DESTDIR=" clean

current directory: /home/dagans/projects/phwelo.github.io/ruby/2.6.0/gems/posix-spawn-0.3.10/ext
make "DESTDIR="
compiling posix-spawn.c
In file included from /usr/include/string.h:494,
                 from posix-spawn.c:11:
In function ‘strncpy’,
    inlined from ‘each_env_i’ at posix-spawn.c:310:3:
/usr/include/bits/string_fortified.h:106:10: warning: ‘__builtin_strncpy’ output truncated before terminating nul copying as many bytes from a string as its length [-Wstringop-truncation]
  106 |   return __builtin___strncpy_chk (__dest, __src, __len, __bos (__dest));
      |          ^~~~~~~~~~~~~~~~~~~~~~~~~~~~~~~~~~~~~~~~~~~~~~~~~~~~~~~~~~~~~~
posix-spawn.c: In function ‘each_env_i’:
posix-spawn.c:273:15: note: length computed here
  273 |  size_t len = strlen(name);
      |               ^~~~~~~~~~~~
In file included from /usr/include/string.h:494,
                 from posix-spawn.c:11:
In function ‘strncpy’,
    inlined from ‘each_env_i’ at posix-spawn.c:312:3:
/usr/include/bits/string_fortified.h:106:10: warning: ‘__builtin_strncpy’ output truncated before terminating nul copying as many bytes from a string as its length [-Wstringop-truncation]
  106 |   return __builtin___strncpy_chk (__dest, __src, __len, __bos (__dest));
      |          ^~~~~~~~~~~~~~~~~~~~~~~~~~~~~~~~~~~~~~~~~~~~~~~~~~~~~~~~~~~~~~
posix-spawn.c: In function ‘each_env_i’:
posix-spawn.c:303:21: note: length computed here
  303 |   size_t cval_len = strlen(cval);
      |                     ^~~~~~~~~~~~
linking shared-object posix_spawn_ext.so

current directory: /home/dagans/projects/phwelo.github.io/ruby/2.6.0/gems/posix-spawn-0.3.10/ext
make "DESTDIR=" install
/usr/bin/install -c -m 0755 posix_spawn_ext.so ./.gem.20191212-22168-1jczua3
